This is pdfTeX, Version 3.141592653-2.6-1.40.25 (TeX Live 2023) (preloaded format=pdflatex 2023.3.21)  21 MAR 2023 09:43
entering extended mode
 restricted \write18 enabled.
 %&-line parsing enabled.
**67appendix_rov.tex
(./67appendix_rov.tex
LaTeX2e <2022-11-01> patch level 1
L3 programming layer <2023-02-22> (c:/Users/Chantel.Wetzel/AppData/Roaming/TinyTeX/texmf-dist/tex/latex/base/article.cls
Document Class: article 2022/07/02 v1.4n Standard LaTeX document class
(c:/Users/Chantel.Wetzel/AppData/Roaming/TinyTeX/texmf-dist/tex/latex/base/size10.clo
File: size10.clo 2022/07/02 v1.4n Standard LaTeX file (size option)
)
\c@part=\count185
\c@section=\count186
\c@subsection=\count187
\c@subsubsection=\count188
\c@paragraph=\count189
\c@subparagraph=\count190
\c@figure=\count191
\c@table=\count192
\abovecaptionskip=\skip48
\belowcaptionskip=\skip49
\bibindent=\dimen140
) (c:/Users/Chantel.Wetzel/AppData/Roaming/TinyTeX/texmf-dist/tex/latex/amsmath/amsmath.sty
Package: amsmath 2022/04/08 v2.17n AMS math features
\@mathmargin=\skip50
For additional information on amsmath, use the `?' option.
(c:/Users/Chantel.Wetzel/AppData/Roaming/TinyTeX/texmf-dist/tex/latex/amsmath/amstext.sty
Package: amstext 2021/08/26 v2.01 AMS text
(c:/Users/Chantel.Wetzel/AppData/Roaming/TinyTeX/texmf-dist/tex/latex/amsmath/amsgen.sty
File: amsgen.sty 1999/11/30 v2.0 generic functions
\@emptytoks=\toks16
\ex@=\dimen141
)) (c:/Users/Chantel.Wetzel/AppData/Roaming/TinyTeX/texmf-dist/tex/latex/amsmath/amsbsy.sty
Package: amsbsy 1999/11/29 v1.2d Bold Symbols
\pmbraise@=\dimen142
) (c:/Users/Chantel.Wetzel/AppData/Roaming/TinyTeX/texmf-dist/tex/latex/amsmath/amsopn.sty
Package: amsopn 2022/04/08 v2.04 operator names
)
\inf@bad=\count193
LaTeX Info: Redefining \frac on input line 234.
\uproot@=\count194
\leftroot@=\count195
LaTeX Info: Redefining \overline on input line 399.
LaTeX Info: Redefining \colon on input line 410.
\classnum@=\count196
\DOTSCASE@=\count197
LaTeX Info: Redefining \ldots on input line 496.
LaTeX Info: Redefining \dots on input line 499.
LaTeX Info: Redefining \cdots on input line 620.
\Mathstrutbox@=\box51
\strutbox@=\box52
LaTeX Info: Redefining \big on input line 722.
LaTeX Info: Redefining \Big on input line 723.
LaTeX Info: Redefining \bigg on input line 724.
LaTeX Info: Redefining \Bigg on input line 725.
\big@size=\dimen143
LaTeX Font Info:    Redeclaring font encoding OML on input line 743.
LaTeX Font Info:    Redeclaring font encoding OMS on input line 744.
\macc@depth=\count198
LaTeX Info: Redefining \bmod on input line 905.
LaTeX Info: Redefining \pmod on input line 910.
LaTeX Info: Redefining \smash on input line 940.
LaTeX Info: Redefining \relbar on input line 970.
LaTeX Info: Redefining \Relbar on input line 971.
\c@MaxMatrixCols=\count199
\dotsspace@=\muskip16
\c@parentequation=\count266
\dspbrk@lvl=\count267
\tag@help=\toks17
\row@=\count268
\column@=\count269
\maxfields@=\count270
\andhelp@=\toks18
\eqnshift@=\dimen144
\alignsep@=\dimen145
\tagshift@=\dimen146
\tagwidth@=\dimen147
\totwidth@=\dimen148
\lineht@=\dimen149
\@envbody=\toks19
\multlinegap=\skip51
\multlinetaggap=\skip52
\mathdisplay@stack=\toks20
LaTeX Info: Redefining \[ on input line 2953.
LaTeX Info: Redefining \] on input line 2954.
) (c:/Users/Chantel.Wetzel/AppData/Roaming/TinyTeX/texmf-dist/tex/latex/amsfonts/amssymb.sty
Package: amssymb 2013/01/14 v3.01 AMS font symbols
(c:/Users/Chantel.Wetzel/AppData/Roaming/TinyTeX/texmf-dist/tex/latex/amsfonts/amsfonts.sty
Package: amsfonts 2013/01/14 v3.01 Basic AMSFonts support
\symAMSa=\mathgroup4
\symAMSb=\mathgroup5
LaTeX Font Info:    Redeclaring math symbol \hbar on input line 98.
LaTeX Font Info:    Overwriting math alphabet `\mathfrak' in version `bold'
(Font)                  U/euf/m/n --> U/euf/b/n on input line 106.
)) (c:/Users/Chantel.Wetzel/AppData/Roaming/TinyTeX/texmf-dist/tex/latex/lm/lmodern.sty
Package: lmodern 2015/05/01 v1.6.1 Latin Modern Fonts
LaTeX Font Info:    Overwriting symbol font `operators' in version `normal'
(Font)                  OT1/cmr/m/n --> OT1/lmr/m/n on input line 22.
LaTeX Font Info:    Overwriting symbol font `letters' in version `normal'
(Font)                  OML/cmm/m/it --> OML/lmm/m/it on input line 23.
LaTeX Font Info:    Overwriting symbol font `symbols' in version `normal'
(Font)                  OMS/cmsy/m/n --> OMS/lmsy/m/n on input line 24.
LaTeX Font Info:    Overwriting symbol font `largesymbols' in version `normal'
(Font)                  OMX/cmex/m/n --> OMX/lmex/m/n on input line 25.
LaTeX Font Info:    Overwriting symbol font `operators' in version `bold'
(Font)                  OT1/cmr/bx/n --> OT1/lmr/bx/n on input line 26.
LaTeX Font Info:    Overwriting symbol font `letters' in version `bold'
(Font)                  OML/cmm/b/it --> OML/lmm/b/it on input line 27.
LaTeX Font Info:    Overwriting symbol font `symbols' in version `bold'
(Font)                  OMS/cmsy/b/n --> OMS/lmsy/b/n on input line 28.
LaTeX Font Info:    Overwriting symbol font `largesymbols' in version `bold'
(Font)                  OMX/cmex/m/n --> OMX/lmex/m/n on input line 29.
LaTeX Font Info:    Overwriting math alphabet `\mathbf' in version `normal'
(Font)                  OT1/cmr/bx/n --> OT1/lmr/bx/n on input line 31.
LaTeX Font Info:    Overwriting math alphabet `\mathsf' in version `normal'
(Font)                  OT1/cmss/m/n --> OT1/lmss/m/n on input line 32.
LaTeX Font Info:    Overwriting math alphabet `\mathit' in version `normal'
(Font)                  OT1/cmr/m/it --> OT1/lmr/m/it on input line 33.
LaTeX Font Info:    Overwriting math alphabet `\mathtt' in version `normal'
(Font)                  OT1/cmtt/m/n --> OT1/lmtt/m/n on input line 34.
LaTeX Font Info:    Overwriting math alphabet `\mathbf' in version `bold'
(Font)                  OT1/cmr/bx/n --> OT1/lmr/bx/n on input line 35.
LaTeX Font Info:    Overwriting math alphabet `\mathsf' in version `bold'
(Font)                  OT1/cmss/bx/n --> OT1/lmss/bx/n on input line 36.
LaTeX Font Info:    Overwriting math alphabet `\mathit' in version `bold'
(Font)                  OT1/cmr/bx/it --> OT1/lmr/bx/it on input line 37.
LaTeX Font Info:    Overwriting math alphabet `\mathtt' in version `bold'
(Font)                  OT1/cmtt/m/n --> OT1/lmtt/m/n on input line 38.
) (c:/Users/Chantel.Wetzel/AppData/Roaming/TinyTeX/texmf-dist/tex/generic/iftex/iftex.sty
Package: iftex 2022/02/03 v1.0f TeX engine tests
) (c:/Users/Chantel.Wetzel/AppData/Roaming/TinyTeX/texmf-dist/tex/latex/base/fontenc.sty
Package: fontenc 2021/04/29 v2.0v Standard LaTeX package
LaTeX Font Info:    Trying to load font information for T1+lmr on input line 112.
(c:/Users/Chantel.Wetzel/AppData/Roaming/TinyTeX/texmf-dist/tex/latex/lm/t1lmr.fd
File: t1lmr.fd 2015/05/01 v1.6.1 Font defs for Latin Modern
)) (c:/Users/Chantel.Wetzel/AppData/Roaming/TinyTeX/texmf-dist/tex/latex/base/inputenc.sty
Package: inputenc 2021/02/14 v1.3d Input encoding file
\inpenc@prehook=\toks21
\inpenc@posthook=\toks22
) (c:/Users/Chantel.Wetzel/AppData/Roaming/TinyTeX/texmf-dist/tex/latex/base/textcomp.sty
Package: textcomp 2020/02/02 v2.0n Standard LaTeX package
) (c:/Users/Chantel.Wetzel/AppData/Roaming/TinyTeX/texmf-dist/tex/latex/upquote/upquote.sty
Package: upquote 2012/04/19 v1.3 upright-quote and grave-accent glyphs in verbatim
) (c:/Users/Chantel.Wetzel/AppData/Roaming/TinyTeX/texmf-dist/tex/latex/microtype/microtype.sty
Package: microtype 2023/03/13 v3.1a Micro-typographical refinements (RS)
(c:/Users/Chantel.Wetzel/AppData/Roaming/TinyTeX/texmf-dist/tex/latex/graphics/keyval.sty
Package: keyval 2022/05/29 v1.15 key=value parser (DPC)
\KV@toks@=\toks23
) (c:/Users/Chantel.Wetzel/AppData/Roaming/TinyTeX/texmf-dist/tex/latex/etoolbox/etoolbox.sty
Package: etoolbox 2020/10/05 v2.5k e-TeX tools for LaTeX (JAW)
\etb@tempcnta=\count271
)
\MT@toks=\toks24
\MT@tempbox=\box53
\MT@count=\count272
LaTeX Info: Redefining \noprotrusionifhmode on input line 1059.
LaTeX Info: Redefining \leftprotrusion on input line 1060.
\MT@prot@toks=\toks25
LaTeX Info: Redefining \rightprotrusion on input line 1078.
LaTeX Info: Redefining \textls on input line 1368.
\MT@outer@kern=\dimen150
LaTeX Info: Redefining \textmicrotypecontext on input line 1988.
\MT@listname@count=\count273
(c:/Users/Chantel.Wetzel/AppData/Roaming/TinyTeX/texmf-dist/tex/latex/microtype/microtype-pdftex.def
File: microtype-pdftex.def 2023/03/13 v3.1a Definitions specific to pdftex (RS)
LaTeX Info: Redefining \lsstyle on input line 902.
LaTeX Info: Redefining \lslig on input line 902.
\MT@outer@space=\skip53
)
Package microtype Info: Loading configuration file microtype.cfg.
(c:/Users/Chantel.Wetzel/AppData/Roaming/TinyTeX/texmf-dist/tex/latex/microtype/microtype.cfg
File: microtype.cfg 2023/03/13 v3.1a microtype main configuration file (RS)
)) (c:/Users/Chantel.Wetzel/AppData/Roaming/TinyTeX/texmf-dist/tex/latex/parskip/parskip.sty
Package: parskip 2021-03-14 v2.0h non-zero parskip adjustments
(c:/Users/Chantel.Wetzel/AppData/Roaming/TinyTeX/texmf-dist/tex/latex/kvoptions/kvoptions.sty
Package: kvoptions 2022-06-15 v3.15 Key value format for package options (HO)
(c:/Users/Chantel.Wetzel/AppData/Roaming/TinyTeX/texmf-dist/tex/generic/ltxcmds/ltxcmds.sty
Package: ltxcmds 2020-05-10 v1.25 LaTeX kernel commands for general use (HO)
) (c:/Users/Chantel.Wetzel/AppData/Roaming/TinyTeX/texmf-dist/tex/latex/kvsetkeys/kvsetkeys.sty
Package: kvsetkeys 2022-10-05 v1.19 Key value parser (HO)
))) (c:/Users/Chantel.Wetzel/AppData/Roaming/TinyTeX/texmf-dist/tex/latex/xcolor/xcolor.sty
Package: xcolor 2022/06/12 v2.14 LaTeX color extensions (UK)
(c:/Users/Chantel.Wetzel/AppData/Roaming/TinyTeX/texmf-dist/tex/latex/graphics-cfg/color.cfg
File: color.cfg 2016/01/02 v1.6 sample color configuration
)
Package xcolor Info: Driver file: pdftex.def on input line 227.
(c:/Users/Chantel.Wetzel/AppData/Roaming/TinyTeX/texmf-dist/tex/latex/graphics-def/pdftex.def
File: pdftex.def 2022/09/22 v1.2b Graphics/color driver for pdftex
) (c:/Users/Chantel.Wetzel/AppData/Roaming/TinyTeX/texmf-dist/tex/latex/graphics/mathcolor.ltx)
Package xcolor Info: Model `cmy' substituted by `cmy0' on input line 1353.
Package xcolor Info: Model `hsb' substituted by `rgb' on input line 1357.
Package xcolor Info: Model `RGB' extended on input line 1369.
Package xcolor Info: Model `HTML' substituted by `rgb' on input line 1371.
Package xcolor Info: Model `Hsb' substituted by `hsb' on input line 1372.
Package xcolor Info: Model `tHsb' substituted by `hsb' on input line 1373.
Package xcolor Info: Model `HSB' substituted by `hsb' on input line 1374.
Package xcolor Info: Model `Gray' substituted by `gray' on input line 1375.
Package xcolor Info: Model `wave' substituted by `hsb' on input line 1376.
) (c:/Users/Chantel.Wetzel/AppData/Roaming/TinyTeX/texmf-dist/tex/latex/geometry/geometry.sty
Package: geometry 2020/01/02 v5.9 Page Geometry
(c:/Users/Chantel.Wetzel/AppData/Roaming/TinyTeX/texmf-dist/tex/generic/iftex/ifvtex.sty
Package: ifvtex 2019/10/25 v1.7 ifvtex legacy package. Use iftex instead.
)
\Gm@cnth=\count274
\Gm@cntv=\count275
\c@Gm@tempcnt=\count276
\Gm@bindingoffset=\dimen151
\Gm@wd@mp=\dimen152
\Gm@odd@mp=\dimen153
\Gm@even@mp=\dimen154
\Gm@layoutwidth=\dimen155
\Gm@layoutheight=\dimen156
\Gm@layouthoffset=\dimen157
\Gm@layoutvoffset=\dimen158
\Gm@dimlist=\toks26
) (c:/Users/Chantel.Wetzel/AppData/Roaming/TinyTeX/texmf-dist/tex/latex/fancyvrb/fancyvrb.sty
Package: fancyvrb 2023/01/19 4.5a verbatim text (tvz,hv)
\FV@CodeLineNo=\count277
\FV@InFile=\read2
\FV@TabBox=\box54
\c@FancyVerbLine=\count278
\FV@StepNumber=\count279
\FV@OutFile=\write3
) (c:/Users/Chantel.Wetzel/AppData/Roaming/TinyTeX/texmf-dist/tex/latex/framed/framed.sty
Package: framed 2011/10/22 v 0.96: framed or shaded text with page breaks
\OuterFrameSep=\skip54
\fb@frw=\dimen159
\fb@frh=\dimen160
\FrameRule=\dimen161
\FrameSep=\dimen162
) (c:/Users/Chantel.Wetzel/AppData/Roaming/TinyTeX/texmf-dist/tex/latex/graphics/graphicx.sty
Package: graphicx 2021/09/16 v1.2d Enhanced LaTeX Graphics (DPC,SPQR)
(c:/Users/Chantel.Wetzel/AppData/Roaming/TinyTeX/texmf-dist/tex/latex/graphics/graphics.sty
Package: graphics 2022/03/10 v1.4e Standard LaTeX Graphics (DPC,SPQR)
(c:/Users/Chantel.Wetzel/AppData/Roaming/TinyTeX/texmf-dist/tex/latex/graphics/trig.sty
Package: trig 2021/08/11 v1.11 sin cos tan (DPC)
) (c:/Users/Chantel.Wetzel/AppData/Roaming/TinyTeX/texmf-dist/tex/latex/graphics-cfg/graphics.cfg
File: graphics.cfg 2016/06/04 v1.11 sample graphics configuration
)
Package graphics Info: Driver file: pdftex.def on input line 107.
)
\Gin@req@height=\dimen163
\Gin@req@width=\dimen164
) (c:/Users/Chantel.Wetzel/AppData/Roaming/TinyTeX/texmf-dist/tex/latex/booktabs/booktabs.sty
Package: booktabs 2020/01/12 v1.61803398 Publication quality tables
\heavyrulewidth=\dimen165
\lightrulewidth=\dimen166
\cmidrulewidth=\dimen167
\belowrulesep=\dimen168
\belowbottomsep=\dimen169
\aboverulesep=\dimen170
\abovetopsep=\dimen171
\cmidrulesep=\dimen172
\cmidrulekern=\dimen173
\defaultaddspace=\dimen174
\@cmidla=\count280
\@cmidlb=\count281
\@aboverulesep=\dimen175
\@belowrulesep=\dimen176
\@thisruleclass=\count282
\@lastruleclass=\count283
\@thisrulewidth=\dimen177
) (c:/Users/Chantel.Wetzel/AppData/Roaming/TinyTeX/texmf-dist/tex/latex/tools/longtable.sty
Package: longtable 2021-09-01 v4.17 Multi-page Table package (DPC)
\LTleft=\skip55
\LTright=\skip56
\LTpre=\skip57
\LTpost=\skip58
\LTchunksize=\count284
\LTcapwidth=\dimen178
\LT@head=\box55
\LT@firsthead=\box56
\LT@foot=\box57
\LT@lastfoot=\box58
\LT@gbox=\box59
\LT@cols=\count285
\LT@rows=\count286
\c@LT@tables=\count287
\c@LT@chunks=\count288
\LT@p@ftn=\toks27
) (c:/Users/Chantel.Wetzel/AppData/Roaming/TinyTeX/texmf-dist/tex/latex/tools/array.sty
Package: array 2022/09/04 v2.5g Tabular extension package (FMi)
\col@sep=\dimen179
\ar@mcellbox=\box60
\extrarowheight=\dimen180
\NC@list=\toks28
\extratabsurround=\skip59
\backup@length=\skip60
\ar@cellbox=\box61
) (c:/Users/Chantel.Wetzel/AppData/Roaming/TinyTeX/texmf-dist/tex/latex/multirow/multirow.sty
Package: multirow 2021/03/15 v2.8 Span multiple rows of a table
\multirow@colwidth=\skip61
\multirow@cntb=\count289
\multirow@dima=\skip62
\bigstrutjot=\dimen181
) (c:/Users/Chantel.Wetzel/AppData/Roaming/TinyTeX/texmf-dist/tex/latex/wrapfig/wrapfig.sty
\wrapoverhang=\dimen182
\WF@size=\dimen183
\c@WF@wrappedlines=\count290
\WF@box=\box62
\WF@everypar=\toks29
Package: wrapfig 2003/01/31  v 3.6
) (c:/Users/Chantel.Wetzel/AppData/Roaming/TinyTeX/texmf-dist/tex/latex/float/float.sty
Package: float 2001/11/08 v1.3d Float enhancements (AL)
\c@float@type=\count291
\float@exts=\toks30
\float@box=\box63
\@float@everytoks=\toks31
\@floatcapt=\box64
) (c:/Users/Chantel.Wetzel/AppData/Roaming/TinyTeX/texmf-dist/tex/latex/colortbl/colortbl.sty
Package: colortbl 2022/06/20 v1.0f Color table columns (DPC)
\everycr=\toks32
\minrowclearance=\skip63
\rownum=\count292
) (c:/Users/Chantel.Wetzel/AppData/Roaming/TinyTeX/texmf-dist/tex/latex/pdflscape/pdflscape.sty
Package: pdflscape 2022-10-27 v0.13 Display of landscape pages in PDF
(c:/Users/Chantel.Wetzel/AppData/Roaming/TinyTeX/texmf-dist/tex/latex/pdflscape/pdflscape-nometadata.sty
Package: pdflscape-nometadata 2022-10-28 v0.13 Display of landscape pages in PDF (HO)
(c:/Users/Chantel.Wetzel/AppData/Roaming/TinyTeX/texmf-dist/tex/latex/graphics/lscape.sty
Package: lscape 2020/05/28 v3.02 Landscape Pages (DPC)
)
Package pdflscape Info: Auto-detected driver: pdftex on input line 81.
)) (c:/Users/Chantel.Wetzel/AppData/Roaming/TinyTeX/texmf-dist/tex/latex/tabu/tabu.sty
Package: tabu 2019/01/11 v2.9 - flexible LaTeX tabulars (FC+tabu-fixed)
(c:/Users/Chantel.Wetzel/AppData/Roaming/TinyTeX/texmf-dist/tex/latex/varwidth/varwidth.sty
Package: varwidth 2009/03/30 ver 0.92;  Variable-width minipages
\@vwid@box=\box65
\sift@deathcycles=\count293
\@vwid@loff=\dimen184
\@vwid@roff=\dimen185
)
\c@taburow=\count294
\tabu@nbcols=\count295
\tabu@cnt=\count296
\tabu@Xcol=\count297
\tabu@alloc=\count298
\tabu@nested=\count299
\tabu@target=\dimen186
\tabu@spreadtarget=\dimen187
\tabu@naturalX=\dimen188
\tabucolX=\dimen189
\tabu@Xsum=\dimen190
\extrarowdepth=\dimen191
\abovetabulinesep=\dimen192
\belowtabulinesep=\dimen193
\tabustrutrule=\dimen194
\tabu@thebody=\toks33
\tabu@footnotes=\toks34
\tabu@box=\box66
\tabu@arstrutbox=\box67
\tabu@hleads=\box68
\tabu@vleads=\box69
\tabu@cellskip=\skip64
) (c:/Users/Chantel.Wetzel/AppData/Roaming/TinyTeX/texmf-dist/tex/latex/threeparttable/threeparttable.sty
Package: threeparttable 2003/06/13  v 3.0
\@tempboxb=\box70
) (c:/Users/Chantel.Wetzel/AppData/Roaming/TinyTeX/texmf-dist/tex/latex/threeparttablex/threeparttablex.sty
Package: threeparttablex 2013/07/23 v0.3 by daleif
(c:/Users/Chantel.Wetzel/AppData/Roaming/TinyTeX/texmf-dist/tex/latex/environ/environ.sty
Package: environ 2014/05/04 v0.3 A new way to define environments
(c:/Users/Chantel.Wetzel/AppData/Roaming/TinyTeX/texmf-dist/tex/latex/trimspaces/trimspaces.sty
Package: trimspaces 2009/09/17 v1.1 Trim spaces around a token list
))
\TPTL@width=\skip65
) (c:/Users/Chantel.Wetzel/AppData/Roaming/TinyTeX/texmf-dist/tex/generic/ulem/ulem.sty
\UL@box=\box71
\UL@hyphenbox=\box72
\UL@skip=\skip66
\UL@hook=\toks35
\UL@height=\dimen195
\UL@pe=\count300
\UL@pixel=\dimen196
\ULC@box=\box73
Package: ulem 2019/11/18
\ULdepth=\dimen197
) (c:/Users/Chantel.Wetzel/AppData/Roaming/TinyTeX/texmf-dist/tex/latex/makecell/makecell.sty
Package: makecell 2009/08/03 V0.1e Managing of Tab Column Heads and Cells
\rotheadsize=\dimen198
\c@nlinenum=\count301
\TeXr@lab=\toks36
) (c:/Users/Chantel.Wetzel/AppData/Roaming/TinyTeX/texmf-dist/tex/latex/bookmark/bookmark.sty
Package: bookmark 2020-11-06 v1.29 PDF bookmarks (HO)
(c:/Users/Chantel.Wetzel/AppData/Roaming/TinyTeX/texmf-dist/tex/latex/hyperref/hyperref.sty
Package: hyperref 2023-02-07 v7.00v Hypertext links for LaTeX
(c:/Users/Chantel.Wetzel/AppData/Roaming/TinyTeX/texmf-dist/tex/generic/pdftexcmds/pdftexcmds.sty
Package: pdftexcmds 2020-06-27 v0.33 Utility functions of pdfTeX for LuaTeX (HO)
(c:/Users/Chantel.Wetzel/AppData/Roaming/TinyTeX/texmf-dist/tex/generic/infwarerr/infwarerr.sty
Package: infwarerr 2019/12/03 v1.5 Providing info/warning/error messages (HO)
)
Package pdftexcmds Info: \pdf@primitive is available.
Package pdftexcmds Info: \pdf@ifprimitive is available.
Package pdftexcmds Info: \pdfdraftmode found.
) (c:/Users/Chantel.Wetzel/AppData/Roaming/TinyTeX/texmf-dist/tex/generic/kvdefinekeys/kvdefinekeys.sty
Package: kvdefinekeys 2019-12-19 v1.6 Define keys (HO)
) (c:/Users/Chantel.Wetzel/AppData/Roaming/TinyTeX/texmf-dist/tex/generic/pdfescape/pdfescape.sty
Package: pdfescape 2019/12/09 v1.15 Implements pdfTeX's escape features (HO)
) (c:/Users/Chantel.Wetzel/AppData/Roaming/TinyTeX/texmf-dist/tex/latex/hycolor/hycolor.sty
Package: hycolor 2020-01-27 v1.10 Color options for hyperref/bookmark (HO)
) (c:/Users/Chantel.Wetzel/AppData/Roaming/TinyTeX/texmf-dist/tex/latex/letltxmacro/letltxmacro.sty
Package: letltxmacro 2019/12/03 v1.6 Let assignment for LaTeX macros (HO)
) (c:/Users/Chantel.Wetzel/AppData/Roaming/TinyTeX/texmf-dist/tex/latex/auxhook/auxhook.sty
Package: auxhook 2019-12-17 v1.6 Hooks for auxiliary files (HO)
) (c:/Users/Chantel.Wetzel/AppData/Roaming/TinyTeX/texmf-dist/tex/latex/hyperref/nameref.sty
Package: nameref 2022-05-17 v2.50 Cross-referencing by name of section
(c:/Users/Chantel.Wetzel/AppData/Roaming/TinyTeX/texmf-dist/tex/latex/refcount/refcount.sty
Package: refcount 2019/12/15 v3.6 Data extraction from label references (HO)
) (c:/Users/Chantel.Wetzel/AppData/Roaming/TinyTeX/texmf-dist/tex/generic/gettitlestring/gettitlestring.sty
Package: gettitlestring 2019/12/15 v1.6 Cleanup title references (HO)
)
\c@section@level=\count302
)
\@linkdim=\dimen199
\Hy@linkcounter=\count303
\Hy@pagecounter=\count304
(c:/Users/Chantel.Wetzel/AppData/Roaming/TinyTeX/texmf-dist/tex/latex/hyperref/pd1enc.def
File: pd1enc.def 2023-02-07 v7.00v Hyperref: PDFDocEncoding definition (HO)
Now handling font encoding PD1 ...
... no UTF-8 mapping file for font encoding PD1
) (c:/Users/Chantel.Wetzel/AppData/Roaming/TinyTeX/texmf-dist/tex/generic/intcalc/intcalc.sty
Package: intcalc 2019/12/15 v1.3 Expandable calculations with integers (HO)
) (c:/Users/Chantel.Wetzel/AppData/Roaming/TinyTeX/texmf-dist/tex/generic/etexcmds/etexcmds.sty
Package: etexcmds 2019/12/15 v1.7 Avoid name clashes with e-TeX commands (HO)
)
\Hy@SavedSpaceFactor=\count305
(c:/Users/Chantel.Wetzel/AppData/Roaming/TinyTeX/texmf-dist/tex/latex/hyperref/puenc.def
File: puenc.def 2023-02-07 v7.00v Hyperref: PDF Unicode definition (HO)
Now handling font encoding PU ...
... no UTF-8 mapping file for font encoding PU
)
Package hyperref Info: Option `unicode' set `true' on input line 4060.
Package hyperref Info: Hyper figures OFF on input line 4177.
Package hyperref Info: Link nesting OFF on input line 4182.
Package hyperref Info: Hyper index ON on input line 4185.
Package hyperref Info: Plain pages OFF on input line 4192.
Package hyperref Info: Backreferencing OFF on input line 4197.
Package hyperref Info: Implicit mode ON; LaTeX internals redefined.
Package hyperref Info: Bookmarks ON on input line 4425.
\c@Hy@tempcnt=\count306
(c:/Users/Chantel.Wetzel/AppData/Roaming/TinyTeX/texmf-dist/tex/latex/url/url.sty
\Urlmuskip=\muskip17
Package: url 2013/09/16  ver 3.4  Verb mode for urls, etc.
)
LaTeX Info: Redefining \url on input line 4763.
\XeTeXLinkMargin=\dimen256
(c:/Users/Chantel.Wetzel/AppData/Roaming/TinyTeX/texmf-dist/tex/generic/bitset/bitset.sty
Package: bitset 2019/12/09 v1.3 Handle bit-vector datatype (HO)
(c:/Users/Chantel.Wetzel/AppData/Roaming/TinyTeX/texmf-dist/tex/generic/bigintcalc/bigintcalc.sty
Package: bigintcalc 2019/12/15 v1.5 Expandable calculations on big integers (HO)
))
\Fld@menulength=\count307
\Field@Width=\dimen257
\Fld@charsize=\dimen258
Package hyperref Info: Hyper figures OFF on input line 6042.
Package hyperref Info: Link nesting OFF on input line 6047.
Package hyperref Info: Hyper index ON on input line 6050.
Package hyperref Info: backreferencing OFF on input line 6057.
Package hyperref Info: Link coloring OFF on input line 6062.
Package hyperref Info: Link coloring with OCG OFF on input line 6067.
Package hyperref Info: PDF/A mode OFF on input line 6072.
(c:/Users/Chantel.Wetzel/AppData/Roaming/TinyTeX/texmf-dist/tex/latex/base/atbegshi-ltx.sty
Package: atbegshi-ltx 2021/01/10 v1.0c Emulation of the original atbegshi
package with kernel methods
)
\Hy@abspage=\count308
\c@Item=\count309
\c@Hfootnote=\count310
)
Package hyperref Info: Driver (autodetected): hpdftex.
(c:/Users/Chantel.Wetzel/AppData/Roaming/TinyTeX/texmf-dist/tex/latex/hyperref/hpdftex.def
File: hpdftex.def 2023-02-07 v7.00v Hyperref driver for pdfTeX
(c:/Users/Chantel.Wetzel/AppData/Roaming/TinyTeX/texmf-dist/tex/latex/base/atveryend-ltx.sty
Package: atveryend-ltx 2020/08/19 v1.0a Emulation of the original atveryend package
with kernel methods
)
\Fld@listcount=\count311
\c@bookmark@seq@number=\count312
(c:/Users/Chantel.Wetzel/AppData/Roaming/TinyTeX/texmf-dist/tex/latex/rerunfilecheck/rerunfilecheck.sty
Package: rerunfilecheck 2022-07-10 v1.10 Rerun checks for auxiliary files (HO)
(c:/Users/Chantel.Wetzel/AppData/Roaming/TinyTeX/texmf-dist/tex/generic/uniquecounter/uniquecounter.sty
Package: uniquecounter 2019/12/15 v1.4 Provide unlimited unique counter (HO)
)
Package uniquecounter Info: New unique counter `rerunfilecheck' on input line 285.
)
\Hy@SectionHShift=\skip67
) (c:/Users/Chantel.Wetzel/AppData/Roaming/TinyTeX/texmf-dist/tex/latex/bookmark/bkm-pdftex.def
File: bkm-pdftex.def 2020-11-06 v1.29 bookmark driver for pdfTeX (HO)
\BKM@id=\count313
)) (c:/Users/Chantel.Wetzel/AppData/Roaming/TinyTeX/texmf-dist/tex/latex/xurl/xurl.sty
Package: xurl 2022/01/09 v 0.10 modify URL breaks
) (c:/Users/Chantel.Wetzel/AppData/Roaming/TinyTeX/texmf-dist/tex/latex/l3backend/l3backend-pdftex.def
File: l3backend-pdftex.def 2023-01-16 L3 backend support: PDF output (pdfTeX)
\l__color_backend_stack_int=\count314
\l__pdf_internal_box=\box74
) (./67appendix_rov.aux

LaTeX Warning: Label `tab:rov-model-selection' multiply defined.

)
\openout1 = `67appendix_rov.aux'.

LaTeX Font Info:    Checking defaults for OML/cmm/m/it on input line 121.
LaTeX Font Info:    ... okay on input line 121.
LaTeX Font Info:    Checking defaults for OMS/cmsy/m/n on input line 121.
LaTeX Font Info:    ... okay on input line 121.
LaTeX Font Info:    Checking defaults for OT1/cmr/m/n on input line 121.
LaTeX Font Info:    ... okay on input line 121.
LaTeX Font Info:    Checking defaults for T1/cmr/m/n on input line 121.
LaTeX Font Info:    ... okay on input line 121.
LaTeX Font Info:    Checking defaults for TS1/cmr/m/n on input line 121.
LaTeX Font Info:    ... okay on input line 121.
LaTeX Font Info:    Checking defaults for OMX/cmex/m/n on input line 121.
LaTeX Font Info:    ... okay on input line 121.
LaTeX Font Info:    Checking defaults for U/cmr/m/n on input line 121.
LaTeX Font Info:    ... okay on input line 121.
LaTeX Font Info:    Checking defaults for PD1/pdf/m/n on input line 121.
LaTeX Font Info:    ... okay on input line 121.
LaTeX Font Info:    Checking defaults for PU/pdf/m/n on input line 121.
LaTeX Font Info:    ... okay on input line 121.
LaTeX Info: Redefining \microtypecontext on input line 121.
Package microtype Info: Applying patch `item' on input line 121.
Package microtype Info: Applying patch `toc' on input line 121.
Package microtype Info: Applying patch `eqnum' on input line 121.
Package microtype Info: Applying patch `footnote' on input line 121.
Package microtype Info: Applying patch `verbatim' on input line 121.
Package microtype Info: Generating PDF output.
Package microtype Info: Character protrusion enabled (level 2).
Package microtype Info: Using protrusion set `basicmath'.
Package microtype Info: Automatic font expansion enabled (level 2),
(microtype)             stretch: 20, shrink: 20, step: 1, non-selected.
Package microtype Info: Using default expansion set `alltext-nott'.
LaTeX Info: Redefining \showhyphens on input line 121.
Package microtype Info: No adjustment of tracking.
Package microtype Info: No adjustment of interword spacing.
Package microtype Info: No adjustment of character kerning.
(c:/Users/Chantel.Wetzel/AppData/Roaming/TinyTeX/texmf-dist/tex/latex/microtype/mt-cmr.cfg
File: mt-cmr.cfg 2013/05/19 v2.2 microtype config. file: Computer Modern Roman (RS)
) (c:/Users/Chantel.Wetzel/AppData/Roaming/TinyTeX/texmf-dist/tex/context/base/mkii/supp-pdf.mkii
[Loading MPS to PDF converter (version 2006.09.02).]
\scratchcounter=\count315
\scratchdimen=\dimen259
\scratchbox=\box75
\nofMPsegments=\count316
\nofMParguments=\count317
\everyMPshowfont=\toks37
\MPscratchCnt=\count318
\MPscratchDim=\dimen260
\MPnumerator=\count319
\makeMPintoPDFobject=\count320
\everyMPtoPDFconversion=\toks38
) (c:/Users/Chantel.Wetzel/AppData/Roaming/TinyTeX/texmf-dist/tex/latex/epstopdf-pkg/epstopdf-base.sty
Package: epstopdf-base 2020-01-24 v2.11 Base part for package epstopdf
Package epstopdf-base Info: Redefining graphics rule for `.eps' on input line 485.
(c:/Users/Chantel.Wetzel/AppData/Roaming/TinyTeX/texmf-dist/tex/latex/latexconfig/epstopdf-sys.cfg
File: epstopdf-sys.cfg 2010/07/13 v1.3 Configuration of (r)epstopdf for TeX Live
))
*geometry* driver: auto-detecting
*geometry* detected driver: pdftex
*geometry* verbose mode - [ preamble ] result:
* driver: pdftex
* paper: <default>
* layout: <same size as paper>
* layoutoffset:(h,v)=(0.0pt,0.0pt)
* modes: 
* h-part:(L,W,R)=(72.26999pt, 469.75502pt, 72.26999pt)
* v-part:(T,H,B)=(72.26999pt, 650.43001pt, 72.26999pt)
* \paperwidth=614.295pt
* \paperheight=794.96999pt
* \textwidth=469.75502pt
* \textheight=650.43001pt
* \oddsidemargin=0.0pt
* \evensidemargin=0.0pt
* \topmargin=-37.0pt
* \headheight=12.0pt
* \headsep=25.0pt
* \topskip=10.0pt
* \footskip=30.0pt
* \marginparwidth=65.0pt
* \marginparsep=11.0pt
* \columnsep=10.0pt
* \skip\footins=9.0pt plus 4.0pt minus 2.0pt
* \hoffset=0.0pt
* \voffset=0.0pt
* \mag=1000
* \@twocolumnfalse
* \@twosidefalse
* \@mparswitchfalse
* \@reversemarginfalse
* (1in=72.27pt=25.4mm, 1cm=28.453pt)

Package hyperref Info: Link coloring OFF on input line 121.
(./tex_tables/rov_removed_records_south.tex) (./tex_tables/rov_south_samples_transects.tex [1

{c:/Users/Chantel.Wetzel/AppData/Roaming/TinyTeX/texmf-var/fonts/map/pdftex/updmap/pdftex.map}{c:/Users/Chantel.Wetzel/AppData/Roaming/TinyTeX/texmf-dist/fonts/enc/dvips/lm/lm-ec.enc}])
LaTeX Font Info:    Trying to load font information for T1+lmtt on input line 155.
(c:/Users/Chantel.Wetzel/AppData/Roaming/TinyTeX/texmf-dist/tex/latex/lm/t1lmtt.fd
File: t1lmtt.fd 2015/05/01 v1.6.1 Font defs for Latin Modern
)
LaTeX Font Info:    Trying to load font information for TS1+lmtt on input line 162.
(c:/Users/Chantel.Wetzel/AppData/Roaming/TinyTeX/texmf-dist/tex/latex/lm/ts1lmtt.fd
File: ts1lmtt.fd 2015/05/01 v1.6.1 Font defs for Latin Modern
) [2{c:/Users/Chantel.Wetzel/AppData/Roaming/TinyTeX/texmf-dist/fonts/enc/dvips/lm/lm-ts1.enc}]
Overfull \hbox (45.33293pt too wide) in paragraph at lines 181--181
[]|\T1/lmr/m/n/9 (-20) Depth.Polynomial|  
 []


Overfull \hbox (18.05432pt too wide) in paragraph at lines 181--181
[]|\T1/lmr/m/n/9 (-20) Prop..Hard|  
 []


Overfull \hbox (22.82202pt too wide) in paragraph at lines 181--181
[]|\T1/lmr/m/n/9 (-20) Prop..Mixed|  
 []


Overfull \hbox (14.00627pt too wide) in paragraph at lines 181--181
[]|\T1/lmr/m/n/9 (-20) Prop..Soft|  
 []


Overfull \hbox (17.42183pt too wide) in paragraph at lines 181--181
[]|\T1/lmr/m/n/9 (-20) Super.Year|  
 []


Overfull \hbox (69.48288pt too wide) in paragraph at lines 181--181
[]|\T1/lmr/m/n/9 (-20) Designation.Super_year|  
 []


Overfull \hbox (57.80634pt too wide) in paragraph at lines 181--181
[]|\T1/lmr/m/n/9 (-20) offset.log.usable.area.|  
 []


Overfull \hbox (26.20815pt too wide) in paragraph at lines 181--181
[]|\T1/lmr/m/n/9 (-20) log.likelihood|  
 []


Overfull \hbox (45.33293pt too wide) in paragraph at lines 186--186
[]|\T1/lmr/m/n/9 (-20) Depth.Polynomial|  
 []


Overfull \hbox (18.05432pt too wide) in paragraph at lines 186--186
[]|\T1/lmr/m/n/9 (-20) Prop..Hard|  
 []


Overfull \hbox (22.82202pt too wide) in paragraph at lines 186--186
[]|\T1/lmr/m/n/9 (-20) Prop..Mixed|  
 []


Overfull \hbox (14.00627pt too wide) in paragraph at lines 186--186
[]|\T1/lmr/m/n/9 (-20) Prop..Soft|  
 []


Overfull \hbox (17.42183pt too wide) in paragraph at lines 186--186
[]|\T1/lmr/m/n/9 (-20) Super.Year|  
 []


Overfull \hbox (69.48288pt too wide) in paragraph at lines 186--186
[]|\T1/lmr/m/n/9 (-20) Designation.Super_year|  
 []


Overfull \hbox (57.80634pt too wide) in paragraph at lines 186--186
[]|\T1/lmr/m/n/9 (-20) offset.log.usable.area.|  
 []


Overfull \hbox (26.20815pt too wide) in paragraph at lines 186--186
[]|\T1/lmr/m/n/9 (-20) log.likelihood|  
 []


Overfull \hbox (26.19914pt too wide) in paragraph at lines 198--198
[]|\T1/lmr/m/n/9 (-20) 101334179.47|  
 []


Overfull \hbox (26.19914pt too wide) in paragraph at lines 198--198
[]|\T1/lmr/m/n/9 (-20) 101334179.37|  
 []


Overfull \hbox (26.19914pt too wide) in paragraph at lines 198--198
[]|\T1/lmr/m/n/9 (-20) 101334177.71|  
 []


Overfull \hbox (21.66664pt too wide) in paragraph at lines 202--202
[]|\T1/lmr/m/n/9 (-20) 99217437.47|  
 []


Overfull \hbox (21.66664pt too wide) in paragraph at lines 202--202
[]|\T1/lmr/m/n/9 (-20) 99217437.37|  
 []


Overfull \hbox (21.66664pt too wide) in paragraph at lines 202--202
[]|\T1/lmr/m/n/9 (-20) 99217435.71|  
 []


Overfull \hbox (26.19914pt too wide) in paragraph at lines 214--214
[]|\T1/lmr/m/n/9 (-20) 102962691.18|  
 []


Overfull \hbox (14.61603pt too wide) in paragraph at lines 214--214
[]|\T1/lmr/m/n/9 (-20) 102962691|  
 []


Overfull \hbox (26.19914pt too wide) in paragraph at lines 214--214
[]|\T1/lmr/m/n/9 (-20) 102962689.48|  
 []


Overfull \hbox (26.19914pt too wide) in paragraph at lines 218--218
[]|\T1/lmr/m/n/9 (-20) 100001585.01|  
 []


Overfull \hbox (26.19914pt too wide) in paragraph at lines 218--218
[]|\T1/lmr/m/n/9 (-20) 100001584.84|  
 []


Overfull \hbox (26.19914pt too wide) in paragraph at lines 218--218
[]|\T1/lmr/m/n/9 (-20) 100001583.31|  
 []

[3

] [4] (./tex_tables/rov_south_model_selection.tex
Overfull \hbox (0.5018pt too wide) in paragraph at lines 7--7
 \T1/lmr/m/n/10 (-20) Mixed| 
 []


Overfull \hbox (51.70242pt too wide) in paragraph at lines 7--7
 []|\T1/lmr/m/n/10 (-20) Designation:Super 
 []


Overfull \hbox (16.88911pt too wide) in paragraph at lines 7--7
 \T1/lmr/m/n/10 (-20) log(usable 
 []


Overfull \hbox (15.2069pt too wide) in paragraph at lines 7--7
 \T1/lmr/m/n/10 (-20) likelihood| 
 []


Overfull \hbox (13.7698pt too wide) in alignment at lines 4--9
 [] [] [] [] [] [] [] [] [] [] [] [] 
 []


Overfull \hbox (0.5018pt too wide) in paragraph at lines 12--12
 \T1/lmr/m/n/10 (-20) Mixed| 
 []


Overfull \hbox (51.70242pt too wide) in paragraph at lines 12--12
 []|\T1/lmr/m/n/10 (-20) Designation:Super 
 []


Overfull \hbox (16.88911pt too wide) in paragraph at lines 12--12
 \T1/lmr/m/n/10 (-20) log(usable 
 []


Overfull \hbox (15.2069pt too wide) in paragraph at lines 12--12
 \T1/lmr/m/n/10 (-20) likelihood| 
 []


Overfull \hbox (13.7698pt too wide) in alignment at lines 9--14
 [] [] [] [] [] [] [] [] [] [] [] [] 
 []


Overfull \hbox (13.7698pt too wide) in alignment at lines 14--16
 [] [] [] [] [] [] [] [] [] [] [] [] 
 []


Overfull \hbox (13.7698pt too wide) in alignment at lines 16--18
 [] [] [] [] [] [] [] [] [] [] [] [] 
 []


Overfull \hbox (0.54568pt too wide) in paragraph at lines 19--19
 \T1/lmr/m/n/10 (-20) 1823.9| 
 []


Overfull \hbox (1.04568pt too wide) in paragraph at lines 19--19
 []|\T1/lmr/m/n/10 (-20) 3661.8| 
 []


Overfull \hbox (0.54568pt too wide) in paragraph at lines 20--20
 \T1/lmr/m/n/10 (-20) 1823.5| 
 []


Overfull \hbox (1.04568pt too wide) in paragraph at lines 20--20
 []|\T1/lmr/m/n/10 (-20) 3663.2| 
 []


Overfull \hbox (0.54568pt too wide) in paragraph at lines 21--21
 \T1/lmr/m/n/10 (-20) 1823.8| 
 []


Overfull \hbox (1.04568pt too wide) in paragraph at lines 21--21
 []|\T1/lmr/m/n/10 (-20) 3663.8| 
 []


Overfull \hbox (0.54568pt too wide) in paragraph at lines 22--22
 \T1/lmr/m/n/10 (-20) 1823.8| 
 []


Overfull \hbox (1.04568pt too wide) in paragraph at lines 22--22
 []|\T1/lmr/m/n/10 (-20) 3663.8| 
 []


Overfull \hbox (0.54568pt too wide) in paragraph at lines 23--23
 \T1/lmr/m/n/10 (-20) 1823.8| 
 []


Overfull \hbox (1.04568pt too wide) in paragraph at lines 23--23
 []|\T1/lmr/m/n/10 (-20) 3663.8| 
 []


Overfull \hbox (30.44565pt too wide) in paragraph at lines 24--24
 []|\T1/lmr/m/n/10 (-20) 101334179.47| 
 []


Overfull \hbox (30.44565pt too wide) in paragraph at lines 24--24
 []|\T1/lmr/m/n/10 (-20) 101334179.37| 
 []


Overfull \hbox (30.44565pt too wide) in paragraph at lines 24--24
 []|\T1/lmr/m/n/10 (-20) 101334177.71| 
 []


Overfull \hbox (0.54568pt too wide) in paragraph at lines 24--24
 \T1/lmr/m/n/10 (-20) 1823.3| 
 []


Overfull \hbox (1.04568pt too wide) in paragraph at lines 24--24
 []|\T1/lmr/m/n/10 (-20) 3664.8| 
 []


Overfull \hbox (0.54568pt too wide) in paragraph at lines 25--25
 \T1/lmr/m/n/10 (-20) 1823.5| 
 []


Overfull \hbox (1.04568pt too wide) in paragraph at lines 25--25
 []|\T1/lmr/m/n/10 (-20) 3665.2| 
 []


Overfull \hbox (0.54568pt too wide) in paragraph at lines 26--26
 \T1/lmr/m/n/10 (-20) 1823.5| 
 []


Overfull \hbox (1.04568pt too wide) in paragraph at lines 26--26
 []|\T1/lmr/m/n/10 (-20) 3665.2| 
 []


Overfull \hbox (0.54568pt too wide) in paragraph at lines 27--27
 \T1/lmr/m/n/10 (-20) 1823.5| 
 []


Overfull \hbox (1.04568pt too wide) in paragraph at lines 27--27
 []|\T1/lmr/m/n/10 (-20) 3665.2| 
 []


Overfull \hbox (25.54565pt too wide) in paragraph at lines 28--28
 []|\T1/lmr/m/n/10 (-20) 99217437.47| 
 []


Overfull \hbox (25.54565pt too wide) in paragraph at lines 28--28
 []|\T1/lmr/m/n/10 (-20) 99217437.37| 
 []


Overfull \hbox (25.54565pt too wide) in paragraph at lines 28--28
 []|\T1/lmr/m/n/10 (-20) 99217435.71| 
 []


Overfull \hbox (0.54568pt too wide) in paragraph at lines 28--28
 \T1/lmr/m/n/10 (-20) 1823.0| 
 []


Overfull \hbox (1.04568pt too wide) in paragraph at lines 28--28
 []|\T1/lmr/m/n/10 (-20) 3666.3| 
 []


Overfull \hbox (0.54568pt too wide) in paragraph at lines 29--29
 \T1/lmr/m/n/10 (-20) 1836.2| 
 []


Overfull \hbox (1.04568pt too wide) in paragraph at lines 29--29
 []|\T1/lmr/m/n/10 (-20) 3686.6| 
 []


Overfull \hbox (0.54568pt too wide) in paragraph at lines 30--30
 \T1/lmr/m/n/10 (-20) 1835.9| 
 []


Overfull \hbox (1.04568pt too wide) in paragraph at lines 30--30
 []|\T1/lmr/m/n/10 (-20) 3688.0| 
 []


Overfull \hbox (0.54568pt too wide) in paragraph at lines 31--31
 \T1/lmr/m/n/10 (-20) 1842.7| 
 []


Overfull \hbox (1.04568pt too wide) in paragraph at lines 31--31
 []|\T1/lmr/m/n/10 (-20) 3699.5| 
 []


Overfull \hbox (0.54568pt too wide) in paragraph at lines 32--32
 \T1/lmr/m/n/10 (-20) 1842.2| 
 []


Overfull \hbox (1.04568pt too wide) in paragraph at lines 32--32
 []|\T1/lmr/m/n/10 (-20) 3700.6| 
 []


Overfull \hbox (0.54568pt too wide) in paragraph at lines 33--33
 \T1/lmr/m/n/10 (-20) 1849.7| 
 []


Overfull \hbox (1.04568pt too wide) in paragraph at lines 33--33
 []|\T1/lmr/m/n/10 (-20) 3711.5| 
 []


Overfull \hbox (0.54568pt too wide) in paragraph at lines 34--34
 \T1/lmr/m/n/10 (-20) 1849.3| 
 []


Overfull \hbox (1.04568pt too wide) in paragraph at lines 34--34
 []|\T1/lmr/m/n/10 (-20) 3712.7| 
 []


Overfull \hbox (0.54568pt too wide) in paragraph at lines 35--35
 \T1/lmr/m/n/10 (-20) 1854.0| 
 []


Overfull \hbox (1.04568pt too wide) in paragraph at lines 35--35
 []|\T1/lmr/m/n/10 (-20) 3718.1| 
 []


Overfull \hbox (0.54568pt too wide) in paragraph at lines 36--36
 \T1/lmr/m/n/10 (-20) 1853.6| 
 []


Overfull \hbox (1.04568pt too wide) in paragraph at lines 36--36
 []|\T1/lmr/m/n/10 (-20) 3719.3| 
 []


Overfull \hbox (0.54568pt too wide) in paragraph at lines 37--37
 \T1/lmr/m/n/10 (-20) 1853.9| 
 []


Overfull \hbox (1.04568pt too wide) in paragraph at lines 37--37
 []|\T1/lmr/m/n/10 (-20) 3719.9| 
 []


Overfull \hbox (0.54568pt too wide) in paragraph at lines 38--38
 \T1/lmr/m/n/10 (-20) 1853.9| 
 []


Overfull \hbox (1.04568pt too wide) in paragraph at lines 38--38
 []|\T1/lmr/m/n/10 (-20) 3719.9| 
 []


Overfull \hbox (0.54568pt too wide) in paragraph at lines 39--39
 \T1/lmr/m/n/10 (-20) 1853.9| 
 []


Overfull \hbox (1.04568pt too wide) in paragraph at lines 39--39
 []|\T1/lmr/m/n/10 (-20) 3719.9| 
 []


Overfull \hbox (30.44565pt too wide) in paragraph at lines 40--40
 []|\T1/lmr/m/n/10 (-20) 102962691.18| 
 []


Overfull \hbox (17.92346pt too wide) in paragraph at lines 40--40
 []|\T1/lmr/m/n/10 (-20) 102962691| 
 []


Overfull \hbox (30.44565pt too wide) in paragraph at lines 40--40
 []|\T1/lmr/m/n/10 (-20) 102962689.48| 
 []


Overfull \hbox (0.54568pt too wide) in paragraph at lines 40--40
 \T1/lmr/m/n/10 (-20) 1853.4| 
 []


Overfull \hbox (1.04568pt too wide) in paragraph at lines 40--40
 []|\T1/lmr/m/n/10 (-20) 3721.0| 
 []


Overfull \hbox (0.54568pt too wide) in paragraph at lines 41--41
 \T1/lmr/m/n/10 (-20) 1853.5| 
 []


Overfull \hbox (1.04568pt too wide) in paragraph at lines 41--41
 []|\T1/lmr/m/n/10 (-20) 3721.2| 
 []


Overfull \hbox (0.54568pt too wide) in paragraph at lines 42--42
 \T1/lmr/m/n/10 (-20) 1853.5| 
 []


Overfull \hbox (1.04568pt too wide) in paragraph at lines 42--42
 []|\T1/lmr/m/n/10 (-20) 3721.2| 
 []


Overfull \hbox (0.54568pt too wide) in paragraph at lines 43--43
 \T1/lmr/m/n/10 (-20) 1853.5| 
 []


Overfull \hbox (1.04568pt too wide) in paragraph at lines 43--43
 []|\T1/lmr/m/n/10 (-20) 3721.2| 
 []


Overfull \hbox (30.44565pt too wide) in paragraph at lines 44--44
 []|\T1/lmr/m/n/10 (-20) 100001585.01| 
 []


Overfull \hbox (30.44565pt too wide) in paragraph at lines 44--44
 []|\T1/lmr/m/n/10 (-20) 100001584.84| 
 []


Overfull \hbox (30.44565pt too wide) in paragraph at lines 44--44
 []|\T1/lmr/m/n/10 (-20) 100001583.31| 
 []


Overfull \hbox (0.54568pt too wide) in paragraph at lines 44--44
 \T1/lmr/m/n/10 (-20) 1853.0| 
 []


Overfull \hbox (1.04568pt too wide) in paragraph at lines 44--44
 []|\T1/lmr/m/n/10 (-20) 3722.3| 
 []


Overfull \hbox (0.54568pt too wide) in paragraph at lines 45--45
 \T1/lmr/m/n/10 (-20) 1865.4| 
 []


Overfull \hbox (1.04568pt too wide) in paragraph at lines 45--45
 []|\T1/lmr/m/n/10 (-20) 3740.8| 
 []


Overfull \hbox (0.54568pt too wide) in paragraph at lines 46--46
 \T1/lmr/m/n/10 (-20) 1865.1| 
 []


Overfull \hbox (1.04568pt too wide) in paragraph at lines 46--46
 []|\T1/lmr/m/n/10 (-20) 3742.3| 
 []


Overfull \hbox (0.54568pt too wide) in paragraph at lines 47--47
 \T1/lmr/m/n/10 (-20) 1874.9| 
 []


Overfull \hbox (1.04568pt too wide) in paragraph at lines 47--47
 []|\T1/lmr/m/n/10 (-20) 3759.8| 
 []


Overfull \hbox (0.54568pt too wide) in paragraph at lines 48--48
 \T1/lmr/m/n/10 (-20) 1874.5| 
 []


Overfull \hbox (1.04568pt too wide) in paragraph at lines 48--48
 []|\T1/lmr/m/n/10 (-20) 3761.1| 
 []


Overfull \hbox (0.54568pt too wide) in paragraph at lines 49--49
 \T1/lmr/m/n/10 (-20) 1885.8| 
 []


Overfull \hbox (1.04568pt too wide) in paragraph at lines 49--49
 []|\T1/lmr/m/n/10 (-20) 3779.7| 
 []


Overfull \hbox (1.04568pt too wide) in paragraph at lines 49--50
 []|\T1/lmr/m/n/10 (-20) 117.89| 
 []


Overfull \hbox (0.54568pt too wide) in paragraph at lines 50--50
 \T1/lmr/m/n/10 (-20) 1885.6| 
 []


Overfull \hbox (1.04568pt too wide) in paragraph at lines 50--50
 []|\T1/lmr/m/n/10 (-20) 3781.2| 
 []


Overfull \hbox (1.04568pt too wide) in paragraph at lines 50--51
 []|\T1/lmr/m/n/10 (-20) 119.35| 
 []


Overfull \hbox (13.7698pt too wide) in alignment at lines 18--51
 [] [] [] [] [] [] [] [] [] [] [] [] 
 []

[5

])
<N:/Assessments/CurrentAssessments/copper_rockfish_2023/data/survey_indices/rov/glm_negbin_south_designation_depth_soft/Index.png, id=41, 722.7pt x 505.89pt>
File: N:/Assessments/CurrentAssessments/copper_rockfish_2023/data/survey_indices/rov/glm_negbin_south_designation_depth_soft/Index.png Graphic file (type png)
<use N:/Assessments/CurrentAssessments/copper_rockfish_2023/data/survey_indices/rov/glm_negbin_south_designation_depth_soft/Index.png>
Package pdftex.def Info: N:/Assessments/CurrentAssessments/copper_rockfish_2023/data/survey_indices/rov/glm_negbin_south_designation_depth_soft/Index.png  used on input line 243.
(pdftex.def)             Requested size: 469.76045pt x 328.8323pt.
[6] [7 <n:/Assessments/CurrentAssessments/copper_rockfish_2023/data/survey_indices/rov/glm_negbin_south_designation_depth_soft/Index.png>] (./67appendix_rov.aux)

LaTeX Warning: There were multiply-defined labels.

 ) 
Here is how much of TeX's memory you used:
 15510 strings out of 476025
 253577 string characters out of 5779544
 1931382 words of memory out of 5000000
 35650 multiletter control sequences out of 15000+600000
 535680 words of font info for 64 fonts, out of 8000000 for 9000
 1141 hyphenation exceptions out of 8191
 77i,7n,81p,1011b,627s stack positions out of 10000i,1000n,20000p,200000b,200000s
<c:/Users/Chantel.Wetzel/AppData/Roaming/TinyTeX/texmf-dist/fonts/type1/public/lm/lmbx12.pfb><c:/Users/Chantel.Wetzel/AppData/Roaming/TinyTeX/texmf-dist/fonts/type1/public/lm/lmr10.pfb><c:/Users/Chantel.Wetzel/AppData/Roaming/TinyTeX/texmf-dist/fonts/type1/public/lm/lmr9.pfb><c:/Users/Chantel.Wetzel/AppData/Roaming/TinyTeX/texmf-dist/fonts/type1/public/lm/lmri10.pfb><c:/Users/Chantel.Wetzel/AppData/Roaming/TinyTeX/texmf-dist/fonts/type1/public/lm/lmri9.pfb><c:/Users/Chantel.Wetzel/AppData/Roaming/TinyTeX/texmf-dist/fonts/type1/public/lm/lmtt10.pfb>
Output written on 67appendix_rov.pdf (7 pages, 188498 bytes).
PDF statistics:
 93 PDF objects out of 1000 (max. 8388607)
 68 compressed objects within 1 object stream
 15 named destinations out of 1000 (max. 500000)
 12302 words of extra memory for PDF output out of 14400 (max. 10000000)

